Build started 24-May-18 6:33:33 PM.
     1>Project "C:\Users\7D\documents\visual studio 2010\Projects\WebDevelopmentKit\WebDevelopmentKit\WebDevelopmentKit.vcxproj" on node 2 (build target(s)).
     1>InitializeBuildStatus:
         Creating "Debug\WebDevelopmentKit.unsuccessfulbuild" because "AlwaysCreate" was specified.
       GenerateTargetFrameworkMonikerAttribute:
       Skipping target "GenerateTargetFrameworkMonikerAttribute" because all output files are up-to-date with respect to the input files.
       ClCompile:
         All outputs are up-to-date.
         C:\Program Files (x86)\Microsoft Visual Studio 10.0\VC\bin\CL.exe /c /AI"C:\Program Files (x86)\Reference Assemblies\Microsoft\Framework\.NETFramework\v4.0" /Zi /clr:pure /nologo /W3 /WX- /Od /Oy- /D WIN32 /D _DEBUG /D _UNICODE /D UNICODE /EHa /MDd /GS /fp:precise /Zc:wchar_t /Zc:forScope /Yu"StdAfx.h" /Fp"Debug\WebDevelopmentKit.pch" /Fo"Debug\\" /Fd"Debug\vc100.pdb" /TP /FU"C:\Program Files (x86)\Reference Assemblies\Microsoft\Framework\.NETFramework\v4.0\System.Core.dll" /FU"C:\Program Files (x86)\Reference Assemblies\Microsoft\Framework\.NETFramework\v4.0\System.Data.dll" /FU"C:\Program Files (x86)\Reference Assemblies\Microsoft\Framework\.NETFramework\v4.0\System.dll" /FU"C:\Program Files (x86)\Reference Assemblies\Microsoft\Framework\.NETFramework\v4.0\System.Drawing.dll" /FU"C:\Program Files (x86)\Reference Assemblies\Microsoft\Framework\.NETFramework\v4.0\System.Windows.Forms.dll" /FU"C:\Program Files (x86)\Reference Assemblies\Microsoft\Framework\.NETFramework\v4.0\System.Xml.dll" /FUInterop\Interop.AcroPDFLib.1.0.dll /FUInterop\Interop.WMPLib.1.0.dll /FUInterop\AxInterop.AcroPDFLib.1.0.dll /FUInterop\AxInterop.WMPLib.1.0.dll /analyze- /errorReport:prompt FormEditor.cpp FormLogin.cpp FormSubEditor.cpp WebDevelopmentKit.cpp /clr:nostdlib 
         FormEditor.cpp
     1>c:\users\7d\documents\visual studio 2010\projects\webdevelopmentkit\webdevelopmentkit\FormSubEditor.h(214): warning C4101: 'myStream' : unreferenced local variable
         FormLogin.cpp
     1>c:\users\7d\documents\visual studio 2010\projects\webdevelopmentkit\webdevelopmentkit\FormSubEditor.h(214): warning C4101: 'myStream' : unreferenced local variable
         FormSubEditor.cpp
     1>c:\users\7d\documents\visual studio 2010\projects\webdevelopmentkit\webdevelopmentkit\FormSubEditor.h(214): warning C4101: 'myStream' : unreferenced local variable
         WebDevelopmentKit.cpp
     1>c:\users\7d\documents\visual studio 2010\projects\webdevelopmentkit\webdevelopmentkit\FormSubEditor.h(214): warning C4101: 'myStream' : unreferenced local variable
         Generating Code...
         All outputs are up-to-date.
       CoreResGen:
         "C:\Program Files (x86)\Microsoft SDKs\Windows\v7.0A\bin\NETFX 4.0 Tools\resgen.exe" /useSourcePath /r:"C:\Program Files (x86)\Reference Assemblies\Microsoft\Framework\.NETFramework\v4.0\System.Core.dll" /r:"C:\Program Files (x86)\Reference Assemblies\Microsoft\Framework\.NETFramework\v4.0\System.Data.dll" /r:"C:\Program Files (x86)\Reference Assemblies\Microsoft\Framework\.NETFramework\v4.0\System.dll" /r:"C:\Program Files (x86)\Reference Assemblies\Microsoft\Framework\.NETFramework\v4.0\System.Drawing.dll" /r:"C:\Program Files (x86)\Reference Assemblies\Microsoft\Framework\.NETFramework\v4.0\System.Windows.Forms.dll" /r:"C:\Program Files (x86)\Reference Assemblies\Microsoft\Framework\.NETFramework\v4.0\System.Xml.dll" /r:Interop\Interop.AcroPDFLib.1.0.dll /r:Interop\Interop.WMPLib.1.0.dll /r:Interop\AxInterop.AcroPDFLib.1.0.dll /r:Interop\AxInterop.WMPLib.1.0.dll /compile FormEditor.resx,Debug\WebDevelopmentKit.FormEditor.resources FormSubEditor.resx,Debug\WebDevelopmentKit.FormSubEditor.resources
         Processing resource file "FormEditor.resx" into "Debug\WebDevelopmentKit.FormEditor.resources".
         Processing resource file "FormSubEditor.resx" into "Debug\WebDevelopmentKit.FormSubEditor.resources".
       ResourceCompile:
         All outputs are up-to-date.
       Link:
         C:\Program Files (x86)\Microsoft Visual Studio 10.0\VC\bin\link.exe /ERRORREPORT:PROMPT /OUT:"C:\Users\7D\documents\visual studio 2010\Projects\WebDevelopmentKit\Debug\WebDevelopmentKit.exe" /INCREMENTAL /NOLOGO /ASSEMBLYRESOURCE:Debug\WebDevelopmentKit.Form1.resources /ASSEMBLYRESOURCE:Debug\WebDevelopmentKit.FormBrowse.resources /ASSEMBLYRESOURCE:Debug\WebDevelopmentKit.FormEditor.resources /ASSEMBLYRESOURCE:Debug\WebDevelopmentKit.FormLogin.resources /ASSEMBLYRESOURCE:Debug\WebDevelopmentKit.FormPageSource.resources /ASSEMBLYRESOURCE:Debug\WebDevelopmentKit.FormPdfViewer.resources /ASSEMBLYRESOURCE:Debug\WebDevelopmentKit.FormSubEditor.resources /ASSEMBLYRESOURCE:Debug\WebDevelopmentKit.FormUser.resources /ASSEMBLYRESOURCE:Debug\WebDevelopmentKit.FormVideo.resources /MANIFEST /ManifestFile:"Debug\WebDevelopmentKit.exe.intermediate.manifest" /MANIFESTUAC:"level='asInvoker' uiAccess='false'" /DEBUG /PDB:"C:\Users\7D\documents\visual studio 2010\Projects\WebDevelopmentKit\Debug\WebDevelopmentKit.pdb" /ASSEMBLYDEBUG /SUBSYSTEM:WINDOWS /TLBID:1 /ENTRY:"main" /DYNAMICBASE /FIXED:NO /NXCOMPAT /MACHINE:X86 Debug\app.res
         Debug\AssemblyInfo.obj
         Debug\FormBrowse.obj
         Debug\FormEditor.obj
         Debug\FormLogin.obj
         Debug\FormPageSource.obj
         Debug\FormPdfViewer.obj
         Debug\FormSubEditor.obj
         Debug\FormUser.obj
         Debug\FormVideo.obj
         Debug\NewPageForm.obj
         Debug\stdafx.obj
         Debug\WebDevelopmentKit.obj
         "Debug\.NETFramework,Version=v4.0.AssemblyAttributes.obj"
         WebDevelopmentKit.vcxproj -> C:\Users\7D\documents\visual studio 2010\Projects\WebDevelopmentKit\Debug\WebDevelopmentKit.exe
       Manifest:
         C:\Program Files (x86)\Microsoft SDKs\Windows\v7.0A\bin\mt.exe /nologo /verbose /outputresource:"C:\Users\7D\documents\visual studio 2010\Projects\WebDevelopmentKit\Debug\WebDevelopmentKit.exe;#1" /manifest Debug\WebDevelopmentKit.exe.intermediate.manifest
       FinalizeBuildStatus:
         Deleting file "Debug\WebDevelopmentKit.unsuccessfulbuild".
         Touching "Debug\WebDevelopmentKit.lastbuildstate".
     1>Done Building Project "C:\Users\7D\documents\visual studio 2010\Projects\WebDevelopmentKit\WebDevelopmentKit\WebDevelopmentKit.vcxproj" (build target(s)).

Build succeeded.

Time Elapsed 00:00:09.10
